1:hh:mm 1:hh:mm 1:hh:mm 2:<29 3:>100
b 1:hh:mm 1:hh:mm 1:hh:mm 2:<29 3:>1001:hh:mm 1:hh:mm 1:hh:mm 2:<29 3:>100
1:hh:mm 1:hh:mm 1:hh:mm 2:<29 3:>100
1:hh:mm 1:hh:mm 1:hh:mm 2:<29 3:>100
1:hh:mm 1:hh:mm 1:hh:mm 2:<29 3:>90
1:hh:mm 1:hh:mm 1:hh:mm 2:<29 3:>90
1:hh:mm 1:hh:mm 1:hh:mm 2:<29 3:>90 2:>10 
1:hh:mm 1:hh:mm 1:hh:mm 2:<29 3:>90 2:>10 
1:hh:mm 1:hh:mm 1:hh:mm 2:<29 3:>90 2:>10 
1:hh:mm 1:hh:mm 1:hh:mm 2:<29 3:>90 
1:hh:mm 1:hh:mm 1:hh:mm 2:<29 
1:hh:mm 1:hh:mm 1:hh:mm 
1:hh:mm 1:hh:mm 
1:hh:mm 
1:hh:mm 1:17:55 
1:hh:mm 1:17:55 
1:hh:mm 1:17:55 
1:hh:mm 1:17:55 2:>20 
1:17:55 2:>20 
1:17:55 2:>20 
1:17:55 2:>20 1:19:58 
2:>20 1:19:58 
2:>20 1:19:58 3:<200 
2:>20 1:19:58 3:<200 
2:>20 1:19:58 3:<200 
2:>20 1:19:58 3:<200 1:18:55 
2:>20 1:19:58 3:<200 1:18:55 3:<80 
2:>20 1:19:58 3:<200 1:18:55 3:<80 
2:>20 1:19:58 3:<200 1:18:55 3:<80 
2:>20 1:19:58 3:<200 1:18:55 3:<80 
2:>20 1:19:58 3:<200 1:18:55 3:<80 
2:>20 1:19:58 3:<200 1:18:55 3:<80 
2:>20 1:19:58 3:<200 1:18:55 3:<80 
2:>20 1:19:58 3:<200 1:18:55 3:<80 
2:>20 1:19:58 1:18:55 3:<80 
2:>20 1:19:58 1:18:55 3:<80 
2:>20 1:18:55 3:<80 
2:>20 1:18:55 3:<80 
2:>20 1:18:55 3:<80 1:00:00 
2:>20 1:18:55 3:<80 
2:>20 1:18:55 3:<80 
2:>20 1:18:55 3:<80 
2:>20 1:18:55 3:<80 
2:>20 1:18:55 3:<80 